Using pre-set license
Built from '2020.3/staging' branch; Version is '2020.3.13f1 (71691879b7f5) revision 7432472'; Using compiler version '192528614'; Build Type 'Release'
OS: 'Windows 10 Home; OS build 19042.1165; Version 2009; 64bit' Language: 'en' Physical Memory: 32713 MB
BatchMode: 1, IsHumanControllingUs: 0, StartBugReporterOnCrash: 0, Is64bit: 1, IsPro: 0

 COMMAND LINE ARGUMENTS:
G:\Unity\2020.3.13f1\Editor\Unity.exe
-adb2
-batchMode
-noUpm
-name
AssetImportWorker0
-projectPath
D:/Git/Unity/Platonic
-logFile
Logs/AssetImportWorker0.log
-srvPort
61271
Successfully changed project path to: D:/Git/Unity/Platonic
D:/Git/Unity/Platonic
Using Asset Import Pipeline V2.
Refreshing native plugins compatible for Editor in 58.06 ms, found 2 plugins.
Preloading 0 native plugins for Editor in 0.00 ms.
Initialize engine version: 2020.3.13f1 (71691879b7f5)
[Subsystems] Discovering subsystems at path G:/Unity/2020.3.13f1/Editor/Data/Resources/UnitySubsystems
[Subsystems] Discovering subsystems at path D:/Git/Unity/Platonic/Assets
GfxDevice: creating device client; threaded=0
Direct3D:
    Version:  Direct3D 11.0 [level 11.1]
    Renderer: NVIDIA GeForce GTX 1080 (ID=0x1b80)
    Vendor:   
    VRAM:     8079 MB
    Driver:   27.21.14.6079
Shader 'Universal Render Pipeline/Particles/Lit': fallback shader 'Universal Render Pipeline/Particles/SimpleLit' not found
Initialize mono
Mono path[0] = 'G:/Unity/2020.3.13f1/Editor/Data/Managed'
Mono path[1] = 'G:/Unity/2020.3.13f1/Editor/Data/MonoBleedingEdge/lib/mono/unityjit'
Mono config path = 'G:/Unity/2020.3.13f1/Editor/Data/MonoBleedingEdge/etc'
Using monoOptions --debugger-agent=transport=dt_socket,embedding=1,server=y,suspend=n,address=127.0.0.1:56024
Begin MonoManager ReloadAssembly
Registering precompiled unity dll's ...
Register platform support module: G:/Unity/2020.3.13f1/Editor/Data/PlaybackEngines/WindowsStandaloneSupport/UnityEditor.WindowsStandalone.Extensions.dll
Register platform support module: G:/Unity/2020.3.13f1/Editor/Data/PlaybackEngines/LinuxStandaloneSupport/UnityEditor.LinuxStandalone.Extensions.dll
Registered in 0.001563 seconds.
Native extension for LinuxStandalone target not found
Native extension for WindowsStandalone target not found
Refreshing native plugins compatible for Editor in 75.88 ms, found 2 plugins.
Preloading 0 native plugins for Editor in 0.00 ms.
Mono: successfully reloaded assembly
- Completed reload, in  1.080 seconds
Platform modules already initialized, skipping
Registering precompiled user dll's ...
Registered in 0.005613 seconds.
Begin MonoManager ReloadAssembly
Native extension for LinuxStandalone target not found
Native extension for WindowsStandalone target not found
Refreshing native plugins compatible for Editor in 57.88 ms, found 2 plugins.
Preloading 0 native plugins for Editor in 0.00 ms.
Mono: successfully reloaded assembly
- Completed reload, in  1.807 seconds
Platform modules already initialized, skipping
========================================================================
Worker process is ready to serve import requests
Launched and connected shader compiler UnityShaderCompiler.exe after 0.03 seconds
Shader 'Universal Render Pipeline/Particles/Lit': fallback shader 'Universal Render Pipeline/Particles/SimpleLit' not found
Refreshing native plugins compatible for Editor in 0.57 ms, found 2 plugins.
Preloading 0 native plugins for Editor in 0.00 ms.
Unloading 3800 Unused Serialized files (Serialized files now loaded: 0)
System memory in use before: 190.8 MB.
System memory in use after: 190.8 MB.

Unloading 29 unused Assets to reduce memory usage. Loaded Objects now: 4239.
Total: 3.393800 ms (FindLiveObjects: 0.359400 ms CreateObjectMapping: 0.292600 ms MarkObjects: 2.573600 ms  DeleteObjects: 0.167200 ms)

AssetImportParameters requested are different than current active one (requested -> active):
  custom:framework-win-MediaFoundation: 216162199b28c13a410421893ffa2e32 -> 
  custom:video-decoder-ogg-theora: a1e56fd34408186e4bbccfd4996cb3dc -> 
  custom:container-muxer-webm: aa71ff27fc2769a1b78a27578f13a17b -> 
  custom:container-demuxer-webm: 4f35f7cbe854078d1ac9338744f61a02 -> 
  custom:container-demuxer-ogg: 62fdf1f143b41e24485cea50d1cbac27 -> 
  custom:video-encoder-webm-vp8: eb34c28f22e8b96e1ab97ce403110664 -> 
  custom:video-codec-MediaFoundation-h265: 746d11721c4dcdbdad8f713fa42b33f4 -> 
  custom:video-decoder-webm-vp8: 9c59270c3fd7afecdb556c50c9e8de78 -> 
  custom:audio-decoder-ogg-vorbis: bf7c407c2cedff20999df2af8eb42d56 -> 
  custom:audio-encoder-webm-vorbis: bf7c407c2cedff20999df2af8eb42d56 -> 
========================================================================
Received Import Request.
  path: Assets/Shaders/Graphs/LitGridTillingFlat.shadergraph
  artifactKey: Guid(ec4e641337712e246baab48a262da279) Importer(815301076,1909f56bfc062723c751e8b465ee728b)
Start importing Assets/Shaders/Graphs/LitGridTillingFlat.shadergraph using Guid(ec4e641337712e246baab48a262da279) Importer(815301076,1909f56bfc062723c751e8b465ee728b)  -> (artifact id: '68d6a45dae2a58fad11f399df914b997') in 0.121454 seconds 
  Import took 0.126767 seconds .

========================================================================
Received Import Request.
  Time since last request: 1802.583292 seconds.
  path: Assets/Shaders/Graphs/LitGridTillingFlat.shadergraph
  artifactKey: Guid(ec4e641337712e246baab48a262da279) Importer(815301076,1909f56bfc062723c751e8b465ee728b)
Start importing Assets/Shaders/Graphs/LitGridTillingFlat.shadergraph using Guid(ec4e641337712e246baab48a262da279) Importer(815301076,1909f56bfc062723c751e8b465ee728b)  -> (artifact id: '13705f594e665aed2153810d22e24826') in 0.002180 seconds 
  Import took 0.007768 seconds .

========================================================================
Received Import Request.
  Time since last request: 53.336345 seconds.
  path: Assets/Materials/TestFlat.mat
  artifactKey: Guid(3710c6baff4bc9c4e9b20a82b9f202b6) Importer(815301076,1909f56bfc062723c751e8b465ee728b)
Start importing Assets/Materials/TestFlat.mat using Guid(3710c6baff4bc9c4e9b20a82b9f202b6) Importer(815301076,1909f56bfc062723c751e8b465ee728b)  -> (artifact id: 'd0d26242aaece53bad27e78ac46e6e25') in 0.163084 seconds 
  Import took 0.168445 seconds .

========================================================================
Received Import Request.
  Time since last request: 489.892905 seconds.
  path: Assets/Materials/TestFlat.mat
  artifactKey: Guid(3710c6baff4bc9c4e9b20a82b9f202b6) Importer(815301076,1909f56bfc062723c751e8b465ee728b)
Start importing Assets/Materials/TestFlat.mat using Guid(3710c6baff4bc9c4e9b20a82b9f202b6) Importer(815301076,1909f56bfc062723c751e8b465ee728b)  -> (artifact id: '6348abd6ea0395cc314b1664175269eb') in 0.165980 seconds 
  Import took 0.172325 seconds .

========================================================================
Received Import Request.
  Time since last request: 18919.988861 seconds.
  path: Assets/Shaders/LitGridTillingFlatOutline.shader
  artifactKey: Guid(88f1f2ddb2a86a9499ac620fef082de1) Importer(815301076,1909f56bfc062723c751e8b465ee728b)
Start importing Assets/Shaders/LitGridTillingFlatOutline.shader using Guid(88f1f2ddb2a86a9499ac620fef082de1) Importer(815301076,1909f56bfc062723c751e8b465ee728b)  -> (artifact id: '2a0b22f747d31d90d1db9d76255d0b4a') in 0.134606 seconds 
  Import took 0.148715 seconds .

========================================================================
Received Import Request.
  Time since last request: 106.527154 seconds.
  path: Assets/Materials/LitTillingFlat0.mat
  artifactKey: Guid(fc84139756428124bada4ac029a2439a) Importer(815301076,1909f56bfc062723c751e8b465ee728b)
Start importing Assets/Materials/LitTillingFlat0.mat using Guid(fc84139756428124bada4ac029a2439a) Importer(815301076,1909f56bfc062723c751e8b465ee728b)  -> (artifact id: '9d8f02400788d4ae76d4a64c555a04de') in 0.082026 seconds 
  Import took 0.089839 seconds .

========================================================================
Received Import Request.
  Time since last request: 42.627445 seconds.
  path: Assets/Materials/LitTillingFlat1.mat
  artifactKey: Guid(16bac77b35281cd4f8d241d61036ff8c) Importer(815301076,1909f56bfc062723c751e8b465ee728b)
Start importing Assets/Materials/LitTillingFlat1.mat using Guid(16bac77b35281cd4f8d241d61036ff8c) Importer(815301076,1909f56bfc062723c751e8b465ee728b)  -> (artifact id: '6aee3c7e8464f130c1f956df1ee955e7') in 0.009893 seconds 
  Import took 0.016824 seconds .

========================================================================
Received Import Request.
  Time since last request: 0.000179 seconds.
  path: Assets/Materials/LitTillingFlat2.mat
  artifactKey: Guid(8bba62e42a0527341b21ff984f95eb67) Importer(815301076,1909f56bfc062723c751e8b465ee728b)
Start importing Assets/Materials/LitTillingFlat2.mat using Guid(8bba62e42a0527341b21ff984f95eb67) Importer(815301076,1909f56bfc062723c751e8b465ee728b)  -> (artifact id: '05f3993192e90aa8b78decf8f25fc21b') in 0.016568 seconds 
  Import took 0.022510 seconds .

AssetImportWorkerClient::OnTransportError - code=2 error=End of file
